<?xml version="1.0" encoding="UTF-8"?>
<testsuite name="com.sentinels.manage.domain.Members.MembersRepositoryTest" tests="1" skipped="0" failures="0" errors="0" timestamp="2022-03-13T07:22:24" hostname="DESKTOP-42JGQ8L" time="0.373">
  <properties/>
  <testcase name="loadMembers" classname="com.sentinels.manage.domain.Members.MembersRepositoryTest" time="0.373"/>
  <system-out><![CDATA[16:22:21.134 [Test worker] DEBUG org.springframework.test.context.junit4.SpringJUnit4ClassRunner - SpringJUnit4ClassRunner constructor called with [class com.sentinels.manage.domain.Members.MembersRepositoryTest]
16:22:21.142 [Test worker] DEBUG org.springframework.test.context.BootstrapUtils - Instantiating CacheAwareContextLoaderDelegate from class [org.springframework.test.context.cache.DefaultCacheAwareContextLoaderDelegate]
16:22:21.149 [Test worker] DEBUG org.springframework.test.context.BootstrapUtils - Instantiating BootstrapContext using constructor [public org.springframework.test.context.support.DefaultBootstrapContext(java.lang.Class,org.springframework.test.context.CacheAwareContextLoaderDelegate)]
16:22:21.160 [Test worker] DEBUG org.springframework.test.context.BootstrapUtils - Instantiating TestContextBootstrapper for test class [com.sentinels.manage.domain.Members.MembersRepositoryTest] from class [org.springframework.boot.test.context.SpringBootTestContextBootstrapper]
16:22:21.172 [Test worker] INFO org.springframework.boot.test.context.SpringBootTestContextBootstrapper - Neither @ContextConfiguration nor @ContextHierarchy found for test class [com.sentinels.manage.domain.Members.MembersRepositoryTest], using SpringBootContextLoader
16:22:21.174 [Test worker] DEBUG org.springframework.test.context.support.AbstractContextLoader - Did not detect default resource location for test class [com.sentinels.manage.domain.Members.MembersRepositoryTest]: class path resource [com/sentinels/manage/domain/Members/MembersRepositoryTest-context.xml] does not exist
16:22:21.175 [Test worker] DEBUG org.springframework.test.context.support.AbstractContextLoader - Did not detect default resource location for test class [com.sentinels.manage.domain.Members.MembersRepositoryTest]: class path resource [com/sentinels/manage/domain/Members/MembersRepositoryTestContext.groovy] does not exist
16:22:21.175 [Test worker] INFO org.springframework.test.context.support.AbstractContextLoader - Could not detect default resource locations for test class [com.sentinels.manage.domain.Members.MembersRepositoryTest]: no resource found for suffixes {-context.xml, Context.groovy}.
16:22:21.209 [Test worker] DEBUG org.springframework.test.context.support.ActiveProfilesUtils - Could not find an 'annotation declaring class' for annotation type [org.springframework.test.context.ActiveProfiles] and class [com.sentinels.manage.domain.Members.MembersRepositoryTest]
16:22:21.293 [Test worker] DEBUG org.springframework.boot.test.context.SpringBootTestContextBootstrapper - @TestExecutionListeners is not present for class [com.sentinels.manage.domain.Members.MembersRepositoryTest]: using defaults.
16:22:21.294 [Test worker] INFO org.springframework.boot.test.context.SpringBootTestContextBootstrapper - Loaded default TestExecutionListener class names from location [META-INF/spring.factories]: [org.springframework.boot.test.autoconfigure.restdocs.RestDocsTestExecutionListener, org.springframework.boot.test.autoconfigure.web.client.MockRestServiceServerResetTestExecutionListener, org.springframework.boot.test.autoconfigure.web.servlet.MockMvcPrintOnlyOnFailureTestExecutionListener, org.springframework.boot.test.autoconfigure.web.servlet.WebDriverTestExecutionListener, org.springframework.boot.test.mock.mockito.MockitoTestExecutionListener, org.springframework.boot.test.mock.mockito.ResetMocksTestExecutionListener, org.springframework.test.context.web.ServletTestExecutionListener, org.springframework.test.context.support.DirtiesContextBeforeModesTestExecutionListener, org.springframework.test.context.support.DependencyInjectionTestExecutionListener, org.springframework.test.context.support.DirtiesContextTestExecutionListener, org.springframework.test.context.transaction.TransactionalTestExecutionListener, org.springframework.test.context.jdbc.SqlScriptsTestExecutionListener]
16:22:21.305 [Test worker] INFO org.springframework.boot.test.context.SpringBootTestContextBootstrapper - Using TestExecutionListeners: [org.springframework.test.context.web.ServletTestExecutionListener@12c5aa32, org.springframework.test.context.support.DirtiesContextBeforeModesTestExecutionListener@7693b1ed, org.springframework.boot.test.mock.mockito.MockitoTestExecutionListener@7edadd1f, org.springframework.boot.test.autoconfigure.SpringBootDependencyInjectionTestExecutionListener@70488915, org.springframework.test.context.support.DirtiesContextTestExecutionListener@4f633914, org.springframework.test.context.transaction.TransactionalTestExecutionListener@2414f5cc, org.springframework.test.context.jdbc.SqlScriptsTestExecutionListener@c0ee674, org.springframework.boot.test.autoconfigure.restdocs.RestDocsTestExecutionListener@38bac6c1, org.springframework.boot.test.autoconfigure.web.client.MockRestServiceServerResetTestExecutionListener@6e47e35b, org.springframework.boot.test.autoconfigure.web.servlet.MockMvcPrintOnlyOnFailureTestExecutionListener@6d7ed1ca, org.springframework.boot.test.autoconfigure.web.servlet.WebDriverTestExecutionListener@1638a757, org.springframework.boot.test.mock.mockito.ResetMocksTestExecutionListener@78dae79f]
16:22:21.306 [Test worker] DEBUG org.springframework.test.annotation.ProfileValueUtils - Retrieved @ProfileValueSourceConfiguration [null] for test class [com.sentinels.manage.domain.Members.MembersRepositoryTest]
16:22:21.306 [Test worker] DEBUG org.springframework.test.annotation.ProfileValueUtils - Retrieved ProfileValueSource type [class org.springframework.test.annotation.SystemProfileValueSource] for class [com.sentinels.manage.domain.Members.MembersRepositoryTest]
16:22:21.308 [Test worker] DEBUG org.springframework.test.annotation.ProfileValueUtils - Retrieved @ProfileValueSourceConfiguration [null] for test class [com.sentinels.manage.domain.Members.MembersRepositoryTest]
16:22:21.308 [Test worker] DEBUG org.springframework.test.annotation.ProfileValueUtils - Retrieved ProfileValueSource type [class org.springframework.test.annotation.SystemProfileValueSource] for class [com.sentinels.manage.domain.Members.MembersRepositoryTest]
16:22:21.309 [Test worker] DEBUG org.springframework.test.annotation.ProfileValueUtils - Retrieved @ProfileValueSourceConfiguration [null] for test class [com.sentinels.manage.domain.Members.MembersRepositoryTest]
16:22:21.309 [Test worker] DEBUG org.springframework.test.annotation.ProfileValueUtils - Retrieved ProfileValueSource type [class org.springframework.test.annotation.SystemProfileValueSource] for class [com.sentinels.manage.domain.Members.MembersRepositoryTest]
16:22:21.311 [Test worker] DEBUG org.springframework.test.annotation.ProfileValueUtils - Retrieved @ProfileValueSourceConfiguration [null] for test class [com.sentinels.manage.domain.Members.MembersRepositoryTest]
16:22:21.311 [Test worker] DEBUG org.springframework.test.annotation.ProfileValueUtils - Retrieved ProfileValueSource type [class org.springframework.test.annotation.SystemProfileValueSource] for class [com.sentinels.manage.domain.Members.MembersRepositoryTest]
16:22:21.312 [Test worker] DEBUG org.springframework.test.annotation.ProfileValueUtils - Retrieved @ProfileValueSourceConfiguration [null] for test class [com.sentinels.manage.domain.Members.MembersRepositoryTest]
16:22:21.312 [Test worker] DEBUG org.springframework.test.annotation.ProfileValueUtils - Retrieved ProfileValueSource type [class org.springframework.test.annotation.SystemProfileValueSource] for class [com.sentinels.manage.domain.Members.MembersRepositoryTest]
16:22:21.315 [Test worker] DEBUG org.springframework.test.context.support.AbstractDirtiesContextTestExecutionListener - Before test class: context [DefaultTestContext@68aa6c2b testClass = MembersRepositoryTest, testInstance = [null], testMethod = [null], testException = [null], mergedContextConfiguration = [WebMergedContextConfiguration@9d5b205 testClass = MembersRepositoryTest, locations = '{}', classes = '{class com.sentinels.manage.Application, class com.sentinels.manage.Application}', contextInitializerClasses = '[]', activeProfiles = '{}', propertySourceLocations = '{}', propertySourceProperties = '{org.springframework.boot.test.context.SpringBootTestContextBootstrapper=true}', contextCustomizers = set[org.springframework.boot.test.autoconfigure.properties.PropertyMappingContextCustomizer@0, org.springframework.boot.test.autoconfigure.web.servlet.WebDriverContextCustomizerFactory$Customizer@5aef4aab, org.springframework.boot.test.context.filter.ExcludeFilterContextCustomizer@75b6e4d0, org.springframework.boot.test.json.DuplicateJsonObjectContextCustomizerFactory$DuplicateJsonObjectContextCustomizer@2efc29f0, org.springframework.boot.test.mock.mockito.MockitoContextCustomizer@0, org.springframework.boot.test.web.client.TestRestTemplateContextCustomizer@2c3edfd3], resourceBasePath = 'src/main/webapp', contextLoader = 'org.springframework.boot.test.context.SpringBootContextLoader', parent = [null]], attributes = map['org.springframework.test.context.web.ServletTestExecutionListener.activateListener' -> true]], class annotated with @DirtiesContext [false] with mode [null].
16:22:21.316 [Test worker] DEBUG org.springframework.test.annotation.ProfileValueUtils - Retrieved @ProfileValueSourceConfiguration [null] for test class [com.sentinels.manage.domain.Members.MembersRepositoryTest]
16:22:21.316 [Test worker] DEBUG org.springframework.test.annotation.ProfileValueUtils - Retrieved ProfileValueSource type [class org.springframework.test.annotation.SystemProfileValueSource] for class [com.sentinels.manage.domain.Members.MembersRepositoryTest]
16:22:21.334 [Test worker] DEBUG org.springframework.test.context.support.TestPropertySourceUtils - Adding inlined properties to environment: {spring.jmx.enabled=false, org.springframework.boot.test.context.SpringBootTestContextBootstrapper=true, server.port=-1}

  .   ____          _            __ _ _
 /\\ / ___'_ __ _ _(_)_ __  __ _ \ \ \ \
( ( )\___ | '_ | '_| | '_ \/ _` | \ \ \ \
 \\/  ___)| |_)| | | | | || (_| |  ) ) ) )
  '  |____| .__|_| |_|_| |_\__, | / / / /
 =========|_|==============|___/=/_/_/_/
 :: Spring Boot ::        (v2.1.9.RELEASE)

2022-03-13 16:22:21.552  INFO 19836 --- [    Test worker] c.s.m.d.Members.MembersRepositoryTest    : Starting MembersRepositoryTest on DESKTOP-42JGQ8L with PID 19836 (started by kssam in C:\workspace\sentinels)
2022-03-13 16:22:21.554  INFO 19836 --- [    Test worker] c.s.m.d.Members.MembersRepositoryTest    : No active profile set, falling back to default profiles: default
2022-03-13 16:22:22.068  INFO 19836 --- [    Test worker] .s.d.r.c.RepositoryConfigurationDelegate : Bootstrapping Spring Data repositories in DEFAULT mode.
2022-03-13 16:22:22.120  INFO 19836 --- [    Test worker] .s.d.r.c.RepositoryConfigurationDelegate : Finished Spring Data repository scanning in 46ms. Found 2 repository interfaces.
2022-03-13 16:22:22.420  INFO 19836 --- [    Test worker] trationDelegate$BeanPostProcessorChecker : Bean 'org.springframework.transaction.annotation.ProxyTransactionManagementConfiguration' of type [org.springframework.transaction.annotation.ProxyTransactionManagementConfiguration$$EnhancerBySpringCGLIB$$a893e097] is not eligible for getting processed by all BeanPostProcessors (for example: not eligible for auto-proxying)
2022-03-13 16:22:22.581  INFO 19836 --- [    Test worker] com.zaxxer.hikari.HikariDataSource       : HikariPool-1 - Starting...
2022-03-13 16:22:22.702  INFO 19836 --- [    Test worker] com.zaxxer.hikari.HikariDataSource       : HikariPool-1 - Start completed.
2022-03-13 16:22:22.793  INFO 19836 --- [    Test worker] o.hibernate.jpa.internal.util.LogHelper  : HHH000204: Processing PersistenceUnitInfo [
	name: default
	...]
2022-03-13 16:22:22.866  INFO 19836 --- [    Test worker] org.hibernate.Version                    : HHH000412: Hibernate Core {5.3.12.Final}
2022-03-13 16:22:22.868  INFO 19836 --- [    Test worker] org.hibernate.cfg.Environment            : HHH000206: hibernate.properties not found
2022-03-13 16:22:23.002  INFO 19836 --- [    Test worker] o.hibernate.annotations.common.Version   : HCANN000001: Hibernate Commons Annotations {5.0.4.Final}
2022-03-13 16:22:23.117  INFO 19836 --- [    Test worker] org.hibernate.dialect.Dialect            : HHH000400: Using dialect: org.hibernate.dialect.H2Dialect
2022-03-13 16:22:23.612  INFO 19836 --- [    Test worker] o.h.t.schema.internal.SchemaCreatorImpl  : HHH000476: Executing import script 'org.hibernate.tool.schema.internal.exec.ScriptSourceInputNonExistentImpl@59dcdd1a'
2022-03-13 16:22:23.614  INFO 19836 --- [    Test worker] j.LocalContainerEntityManagerFactoryBean : Initialized JPA EntityManagerFactory for persistence unit 'default'
2022-03-13 16:22:24.307  INFO 19836 --- [    Test worker] o.s.s.concurrent.ThreadPoolTaskExecutor  : Initializing ExecutorService 'applicationTaskExecutor'
2022-03-13 16:22:24.357  WARN 19836 --- [    Test worker] aWebConfiguration$JpaWebMvcConfiguration : spring.jpa.open-in-view is enabled by default. Therefore, database queries may be performed during view rendering. Explicitly configure spring.jpa.open-in-view to disable this warning
2022-03-13 16:22:24.701  INFO 19836 --- [    Test worker] c.s.m.d.Members.MembersRepositoryTest    : Started MembersRepositoryTest in 3.36 seconds (JVM running for 4.129)
2022-03-13 16:22:24.934  INFO 19836 --- [    Test worker] o.h.h.i.QueryTranslatorFactoryInitiator  : HHH000397: Using ASTQueryTranslatorFactory
]]></system-out>
  <system-err><![CDATA[]]></system-err>
</testsuite>
