<?xml version="1.0" encoding="UTF-8"?>
<testsuite name="com.sentinels.manage.controller.Members.MembersApiControllerTest" tests="1" skipped="0" failures="0" errors="0" timestamp="2022-03-14T12:13:06" hostname="DESKTOP-42JGQ8L" time="0.472">
  <properties/>
  <testcase name="updateMembers" classname="com.sentinels.manage.controller.Members.MembersApiControllerTest" time="0.472"/>
  <system-out><![CDATA[21:13:02.415 [Test worker] DEBUG org.springframework.test.context.junit4.SpringJUnit4ClassRunner - SpringJUnit4ClassRunner constructor called with [class com.sentinels.manage.controller.Members.MembersApiControllerTest]
21:13:02.420 [Test worker] DEBUG org.springframework.test.context.BootstrapUtils - Instantiating CacheAwareContextLoaderDelegate from class [org.springframework.test.context.cache.DefaultCacheAwareContextLoaderDelegate]
21:13:02.427 [Test worker] DEBUG org.springframework.test.context.BootstrapUtils - Instantiating BootstrapContext using constructor [public org.springframework.test.context.support.DefaultBootstrapContext(java.lang.Class,org.springframework.test.context.CacheAwareContextLoaderDelegate)]
21:13:02.437 [Test worker] DEBUG org.springframework.test.context.BootstrapUtils - Instantiating TestContextBootstrapper for test class [com.sentinels.manage.controller.Members.MembersApiControllerTest] from class [org.springframework.boot.test.context.SpringBootTestContextBootstrapper]
21:13:02.447 [Test worker] INFO org.springframework.boot.test.context.SpringBootTestContextBootstrapper - Neither @ContextConfiguration nor @ContextHierarchy found for test class [com.sentinels.manage.controller.Members.MembersApiControllerTest], using SpringBootContextLoader
21:13:02.449 [Test worker] DEBUG org.springframework.test.context.support.AbstractContextLoader - Did not detect default resource location for test class [com.sentinels.manage.controller.Members.MembersApiControllerTest]: class path resource [com/sentinels/manage/controller/Members/MembersApiControllerTest-context.xml] does not exist
21:13:02.450 [Test worker] DEBUG org.springframework.test.context.support.AbstractContextLoader - Did not detect default resource location for test class [com.sentinels.manage.controller.Members.MembersApiControllerTest]: class path resource [com/sentinels/manage/controller/Members/MembersApiControllerTestContext.groovy] does not exist
21:13:02.450 [Test worker] INFO org.springframework.test.context.support.AbstractContextLoader - Could not detect default resource locations for test class [com.sentinels.manage.controller.Members.MembersApiControllerTest]: no resource found for suffixes {-context.xml, Context.groovy}.
21:13:02.480 [Test worker] DEBUG org.springframework.test.context.support.ActiveProfilesUtils - Could not find an 'annotation declaring class' for annotation type [org.springframework.test.context.ActiveProfiles] and class [com.sentinels.manage.controller.Members.MembersApiControllerTest]
21:13:02.560 [Test worker] DEBUG org.springframework.boot.test.context.SpringBootTestContextBootstrapper - @TestExecutionListeners is not present for class [com.sentinels.manage.controller.Members.MembersApiControllerTest]: using defaults.
21:13:02.560 [Test worker] INFO org.springframework.boot.test.context.SpringBootTestContextBootstrapper - Loaded default TestExecutionListener class names from location [META-INF/spring.factories]: [org.springframework.boot.test.autoconfigure.restdocs.RestDocsTestExecutionListener, org.springframework.boot.test.autoconfigure.web.client.MockRestServiceServerResetTestExecutionListener, org.springframework.boot.test.autoconfigure.web.servlet.MockMvcPrintOnlyOnFailureTestExecutionListener, org.springframework.boot.test.autoconfigure.web.servlet.WebDriverTestExecutionListener, org.springframework.boot.test.mock.mockito.MockitoTestExecutionListener, org.springframework.boot.test.mock.mockito.ResetMocksTestExecutionListener, org.springframework.test.context.web.ServletTestExecutionListener, org.springframework.test.context.support.DirtiesContextBeforeModesTestExecutionListener, org.springframework.test.context.support.DependencyInjectionTestExecutionListener, org.springframework.test.context.support.DirtiesContextTestExecutionListener, org.springframework.test.context.transaction.TransactionalTestExecutionListener, org.springframework.test.context.jdbc.SqlScriptsTestExecutionListener]
21:13:02.573 [Test worker] INFO org.springframework.boot.test.context.SpringBootTestContextBootstrapper - Using TestExecutionListeners: [org.springframework.test.context.web.ServletTestExecutionListener@29568ee4, org.springframework.test.context.support.DirtiesContextBeforeModesTestExecutionListener@323dea85, org.springframework.boot.test.mock.mockito.MockitoTestExecutionListener@61ecf18a, org.springframework.boot.test.autoconfigure.SpringBootDependencyInjectionTestExecutionListener@4ea51437, org.springframework.test.context.support.DirtiesContextTestExecutionListener@539992a9, org.springframework.test.context.transaction.TransactionalTestExecutionListener@e2d339d, org.springframework.test.context.jdbc.SqlScriptsTestExecutionListener@8cbe373, org.springframework.boot.test.autoconfigure.restdocs.RestDocsTestExecutionListener@6ea94af1, org.springframework.boot.test.autoconfigure.web.client.MockRestServiceServerResetTestExecutionListener@713a9157, org.springframework.boot.test.autoconfigure.web.servlet.MockMvcPrintOnlyOnFailureTestExecutionListener@166ce536, org.springframework.boot.test.autoconfigure.web.servlet.WebDriverTestExecutionListener@41eb4cf3, org.springframework.boot.test.mock.mockito.ResetMocksTestExecutionListener@653178fd]
21:13:02.574 [Test worker] DEBUG org.springframework.test.annotation.ProfileValueUtils - Retrieved @ProfileValueSourceConfiguration [null] for test class [com.sentinels.manage.controller.Members.MembersApiControllerTest]
21:13:02.575 [Test worker] DEBUG org.springframework.test.annotation.ProfileValueUtils - Retrieved ProfileValueSource type [class org.springframework.test.annotation.SystemProfileValueSource] for class [com.sentinels.manage.controller.Members.MembersApiControllerTest]
21:13:02.576 [Test worker] DEBUG org.springframework.test.annotation.ProfileValueUtils - Retrieved @ProfileValueSourceConfiguration [null] for test class [com.sentinels.manage.controller.Members.MembersApiControllerTest]
21:13:02.576 [Test worker] DEBUG org.springframework.test.annotation.ProfileValueUtils - Retrieved ProfileValueSource type [class org.springframework.test.annotation.SystemProfileValueSource] for class [com.sentinels.manage.controller.Members.MembersApiControllerTest]
21:13:02.578 [Test worker] DEBUG org.springframework.test.annotation.ProfileValueUtils - Retrieved @ProfileValueSourceConfiguration [null] for test class [com.sentinels.manage.controller.Members.MembersApiControllerTest]
21:13:02.578 [Test worker] DEBUG org.springframework.test.annotation.ProfileValueUtils - Retrieved ProfileValueSource type [class org.springframework.test.annotation.SystemProfileValueSource] for class [com.sentinels.manage.controller.Members.MembersApiControllerTest]
21:13:02.581 [Test worker] DEBUG org.springframework.test.annotation.ProfileValueUtils - Retrieved @ProfileValueSourceConfiguration [null] for test class [com.sentinels.manage.controller.Members.MembersApiControllerTest]
21:13:02.581 [Test worker] DEBUG org.springframework.test.annotation.ProfileValueUtils - Retrieved ProfileValueSource type [class org.springframework.test.annotation.SystemProfileValueSource] for class [com.sentinels.manage.controller.Members.MembersApiControllerTest]
21:13:02.581 [Test worker] DEBUG org.springframework.test.annotation.ProfileValueUtils - Retrieved @ProfileValueSourceConfiguration [null] for test class [com.sentinels.manage.controller.Members.MembersApiControllerTest]
21:13:02.581 [Test worker] DEBUG org.springframework.test.annotation.ProfileValueUtils - Retrieved ProfileValueSource type [class org.springframework.test.annotation.SystemProfileValueSource] for class [com.sentinels.manage.controller.Members.MembersApiControllerTest]
21:13:02.586 [Test worker] DEBUG org.springframework.test.context.support.AbstractDirtiesContextTestExecutionListener - Before test class: context [DefaultTestContext@2935064c testClass = MembersApiControllerTest, testInstance = [null], testMethod = [null], testException = [null], mergedContextConfiguration = [WebMergedContextConfiguration@da3680a testClass = MembersApiControllerTest, locations = '{}', classes = '{class com.sentinels.manage.Application, class com.sentinels.manage.Application}', contextInitializerClasses = '[]', activeProfiles = '{}', propertySourceLocations = '{}', propertySourceProperties = '{org.springframework.boot.test.context.SpringBootTestContextBootstrapper=true, server.port=0}', contextCustomizers = set[org.springframework.boot.test.autoconfigure.properties.PropertyMappingContextCustomizer@0, org.springframework.boot.test.autoconfigure.web.servlet.WebDriverContextCustomizerFactory$Customizer@2c9ce053, org.springframework.boot.test.context.filter.ExcludeFilterContextCustomizer@32d35726, org.springframework.boot.test.json.DuplicateJsonObjectContextCustomizerFactory$DuplicateJsonObjectContextCustomizer@12e4b4c2, org.springframework.boot.test.mock.mockito.MockitoContextCustomizer@0, org.springframework.boot.test.web.client.TestRestTemplateContextCustomizer@5c19e3c3], resourceBasePath = 'src/main/webapp', contextLoader = 'org.springframework.boot.test.context.SpringBootContextLoader', parent = [null]], attributes = map['org.springframework.test.context.web.ServletTestExecutionListener.activateListener' -> false]], class annotated with @DirtiesContext [false] with mode [null].
21:13:02.586 [Test worker] DEBUG org.springframework.test.annotation.ProfileValueUtils - Retrieved @ProfileValueSourceConfiguration [null] for test class [com.sentinels.manage.controller.Members.MembersApiControllerTest]
21:13:02.586 [Test worker] DEBUG org.springframework.test.annotation.ProfileValueUtils - Retrieved ProfileValueSource type [class org.springframework.test.annotation.SystemProfileValueSource] for class [com.sentinels.manage.controller.Members.MembersApiControllerTest]
21:13:02.590 [Test worker] DEBUG org.springframework.test.context.support.DependencyInjectionTestExecutionListener - Performing dependency injection for test context [[DefaultTestContext@2935064c testClass = MembersApiControllerTest, testInstance = com.sentinels.manage.controller.Members.MembersApiControllerTest@11ccf860, testMethod = [null], testException = [null], mergedContextConfiguration = [WebMergedContextConfiguration@da3680a testClass = MembersApiControllerTest, locations = '{}', classes = '{class com.sentinels.manage.Application, class com.sentinels.manage.Application}', contextInitializerClasses = '[]', activeProfiles = '{}', propertySourceLocations = '{}', propertySourceProperties = '{org.springframework.boot.test.context.SpringBootTestContextBootstrapper=true, server.port=0}', contextCustomizers = set[org.springframework.boot.test.autoconfigure.properties.PropertyMappingContextCustomizer@0, org.springframework.boot.test.autoconfigure.web.servlet.WebDriverContextCustomizerFactory$Customizer@2c9ce053, org.springframework.boot.test.context.filter.ExcludeFilterContextCustomizer@32d35726, org.springframework.boot.test.json.DuplicateJsonObjectContextCustomizerFactory$DuplicateJsonObjectContextCustomizer@12e4b4c2, org.springframework.boot.test.mock.mockito.MockitoContextCustomizer@0, org.springframework.boot.test.web.client.TestRestTemplateContextCustomizer@5c19e3c3], resourceBasePath = 'src/main/webapp', contextLoader = 'org.springframework.boot.test.context.SpringBootContextLoader', parent = [null]], attributes = map['org.springframework.test.context.web.ServletTestExecutionListener.activateListener' -> false]]].
21:13:02.609 [Test worker] DEBUG org.springframework.test.context.support.TestPropertySourceUtils - Adding inlined properties to environment: {spring.jmx.enabled=false, org.springframework.boot.test.context.SpringBootTestContextBootstrapper=true, server.port=0}

  .   ____          _            __ _ _
 /\\ / ___'_ __ _ _(_)_ __  __ _ \ \ \ \
( ( )\___ | '_ | '_| | '_ \/ _` | \ \ \ \
 \\/  ___)| |_)| | | | | || (_| |  ) ) ) )
  '  |____| .__|_| |_|_| |_\__, | / / / /
 =========|_|==============|___/=/_/_/_/
 :: Spring Boot ::        (v2.1.9.RELEASE)

2022-03-14 21:13:02.823  INFO 7532 --- [    Test worker] c.s.m.c.M.MembersApiControllerTest       : Starting MembersApiControllerTest on DESKTOP-42JGQ8L with PID 7532 (started by kssam in C:\workspace\sentinels)
2022-03-14 21:13:02.824  INFO 7532 --- [    Test worker] c.s.m.c.M.MembersApiControllerTest       : No active profile set, falling back to default profiles: default
2022-03-14 21:13:03.266  INFO 7532 --- [    Test worker] .s.d.r.c.RepositoryConfigurationDelegate : Bootstrapping Spring Data repositories in DEFAULT mode.
2022-03-14 21:13:03.319  INFO 7532 --- [    Test worker] .s.d.r.c.RepositoryConfigurationDelegate : Finished Spring Data repository scanning in 47ms. Found 2 repository interfaces.
2022-03-14 21:13:03.591  INFO 7532 --- [    Test worker] trationDelegate$BeanPostProcessorChecker : Bean 'org.springframework.transaction.annotation.ProxyTransactionManagementConfiguration' of type [org.springframework.transaction.annotation.ProxyTransactionManagementConfiguration$$EnhancerBySpringCGLIB$$9aa93098] is not eligible for getting processed by all BeanPostProcessors (for example: not eligible for auto-proxying)
2022-03-14 21:13:03.873  INFO 7532 --- [    Test worker] o.s.b.w.embedded.tomcat.TomcatWebServer  : Tomcat initialized with port(s): 0 (http)
2022-03-14 21:13:03.894  INFO 7532 --- [    Test worker] o.apache.catalina.core.StandardService   : Starting service [Tomcat]
2022-03-14 21:13:03.894  INFO 7532 --- [    Test worker] org.apache.catalina.core.StandardEngine  : Starting Servlet engine: [Apache Tomcat/9.0.26]
2022-03-14 21:13:04.009  INFO 7532 --- [    Test worker] o.a.c.c.C.[Tomcat].[localhost].[/]       : Initializing Spring embedded WebApplicationContext
2022-03-14 21:13:04.009  INFO 7532 --- [    Test worker] o.s.web.context.ContextLoader            : Root WebApplicationContext: initialization completed in 1173 ms
2022-03-14 21:13:04.229  INFO 7532 --- [    Test worker] com.zaxxer.hikari.HikariDataSource       : HikariPool-1 - Starting...
2022-03-14 21:13:04.381  INFO 7532 --- [    Test worker] com.zaxxer.hikari.HikariDataSource       : HikariPool-1 - Start completed.
2022-03-14 21:13:04.460  INFO 7532 --- [    Test worker] o.hibernate.jpa.internal.util.LogHelper  : HHH000204: Processing PersistenceUnitInfo [
	name: default
	...]
2022-03-14 21:13:04.526  INFO 7532 --- [    Test worker] org.hibernate.Version                    : HHH000412: Hibernate Core {5.3.12.Final}
2022-03-14 21:13:04.528  INFO 7532 --- [    Test worker] org.hibernate.cfg.Environment            : HHH000206: hibernate.properties not found
2022-03-14 21:13:04.674  INFO 7532 --- [    Test worker] o.hibernate.annotations.common.Version   : HCANN000001: Hibernate Commons Annotations {5.0.4.Final}
2022-03-14 21:13:04.812  INFO 7532 --- [    Test worker] org.hibernate.dialect.Dialect            : HHH000400: Using dialect: org.hibernate.dialect.MySQL5InnoDBDialect
Hibernate: drop table if exists members
Hibernate: drop table if exists win_rate
Hibernate: create table members (id bigint not null auto_increment, age integer not null, etc varchar(255) not null, name varchar(255) not null, tier varchar(255) not null, visit_date date not null, primary key (id)) engine=InnoDB
Hibernate: create table win_rate (id bigint not null auto_increment, lose integer, match integer, name varchar(255) not null, win integer, primary key (id)) engine=InnoDB
Hibernate: alter table members add constraint UK_leyi5nsi9s2i9ufmurv5o5ehu unique (name)
2022-03-14 21:13:05.296  INFO 7532 --- [    Test worker] o.h.t.schema.internal.SchemaCreatorImpl  : HHH000476: Executing import script 'org.hibernate.tool.schema.internal.exec.ScriptSourceInputNonExistentImpl@7576faf'
2022-03-14 21:13:05.299  INFO 7532 --- [    Test worker] j.LocalContainerEntityManagerFactoryBean : Initialized JPA EntityManagerFactory for persistence unit 'default'
2022-03-14 21:13:05.806  INFO 7532 --- [    Test worker] o.s.s.concurrent.ThreadPoolTaskExecutor  : Initializing ExecutorService 'applicationTaskExecutor'
2022-03-14 21:13:05.851  WARN 7532 --- [    Test worker] aWebConfiguration$JpaWebMvcConfiguration : spring.jpa.open-in-view is enabled by default. Therefore, database queries may be performed during view rendering. Explicitly configure spring.jpa.open-in-view to disable this warning
2022-03-14 21:13:06.125  INFO 7532 --- [    Test worker] o.s.b.w.embedded.tomcat.TomcatWebServer  : Tomcat started on port(s): 54361 (http) with context path ''
2022-03-14 21:13:06.128  INFO 7532 --- [    Test worker] c.s.m.c.M.MembersApiControllerTest       : Started MembersApiControllerTest in 3.516 seconds (JVM running for 4.235)
Hibernate: insert into members (age, etc, name, tier, visit_date) values (?, ?, ?, ?, ?)
2022-03-14 21:13:06.367  INFO 7532 --- [o-auto-1-exec-1] o.a.c.c.C.[Tomcat].[localhost].[/]       : Initializing Spring DispatcherServlet 'dispatcherServlet'
2022-03-14 21:13:06.368  INFO 7532 --- [o-auto-1-exec-1] o.s.web.servlet.DispatcherServlet        : Initializing Servlet 'dispatcherServlet'
2022-03-14 21:13:06.382  INFO 7532 --- [o-auto-1-exec-1] o.s.web.servlet.DispatcherServlet        : Completed initialization in 14 ms
Hibernate: select members0_.id as id1_0_0_, members0_.age as age2_0_0_, members0_.etc as etc3_0_0_, members0_.name as name4_0_0_, members0_.tier as tier5_0_0_, members0_.visit_date as visit_da6_0_0_ from members members0_ where members0_.id=?
Hibernate: update members set age=?, etc=?, name=?, tier=?, visit_date=? where id=?
2022-03-14 21:13:06.522  INFO 7532 --- [    Test worker] o.h.h.i.QueryTranslatorFactoryInitiator  : HHH000397: Using ASTQueryTranslatorFactory
Hibernate: select members0_.id as id1_0_, members0_.age as age2_0_, members0_.etc as etc3_0_, members0_.name as name4_0_, members0_.tier as tier5_0_, members0_.visit_date as visit_da6_0_ from members members0_
Hibernate: select members0_.id as id1_0_, members0_.age as age2_0_, members0_.etc as etc3_0_, members0_.name as name4_0_, members0_.tier as tier5_0_, members0_.visit_date as visit_da6_0_ from members members0_
Hibernate: delete from members where id=?
]]></system-out>
  <system-err><![CDATA[]]></system-err>
</testsuite>
